<?xml version="1.0" encoding="UTF-8"?>
<!-- Generated by org.testng.reporters.JUnitReportReporter -->
<testsuite skipped="0" hostname="Shabbir-PC" name="testcases.LoginPageTest" tests="3" failures="0" timestamp="06 Nov 2018 23:12:24 GMT" time="26.347" errors="0">
  <testcase name="LoginPageTitleTest" time="8.959" classname="testcases.LoginPageTest"/>
  <testcase name="LoginPageLogoTest" time="7.511" classname="testcases.LoginPageTest"/>
  <testcase name="ValidateLoginTest" time="9.877" classname="testcases.LoginPageTest"/>
</testsuite> <!-- testcases.LoginPageTest -->
