<?xml version="1.0" encoding="UTF-8"?>
<!-- Generated by org.testng.reporters.JUnitReportReporter -->
<testsuite skipped="0" hostname="Shabbir-PC" name="testcases.HomePageTest" tests="4" failures="0" timestamp="06 Nov 2018 23:12:24 GMT" time="40.476" errors="0">
  <testcase name="HomePageTitleTest" time="9.066" classname="testcases.HomePageTest"/>
  <testcase name="HomePageUserTitleTest" time="9.838" classname="testcases.HomePageTest"/>
  <testcase name="ContactsPageLinkTest" time="11.158" classname="testcases.HomePageTest"/>
  <testcase name="TasksPageLinkTest" time="10.414" classname="testcases.HomePageTest"/>
</testsuite> <!-- testcases.HomePageTest -->
