<?xml version="1.0" encoding="UTF-8"?>
<!-- Generated by org.testng.reporters.JUnitReportReporter -->
<testsuite hostname="Diya" name="testcases.ToDoListPageTest" tests="3" failures="0" timestamp="25 Nov 2019 03:41:01 GMT" time="4.580" errors="0">
  <testcase name="TDL_TitleTest" time="4.103" classname="testcases.ToDoListPageTest"/>
  <testcase name="TDL_AddNewToDoTest" time="0.193" classname="testcases.ToDoListPageTest"/>
  <testcase name="TDL_DeleteNewToDoTest" time="0.284" classname="testcases.ToDoListPageTest"/>
</testsuite> <!-- testcases.ToDoListPageTest -->
