<?xml version="1.0" encoding="UTF-8"?>
<!-- Generated by org.testng.reporters.JUnitReportReporter -->
<testsuite hostname="Diya" name="testcases.ButtonClicksPageTest" tests="6" failures="0" timestamp="25 Nov 2019 03:41:01 GMT" time="20.666" errors="0">
  <testcase name="ButtonClicks_ActionMoveClickTest" time="8.277" classname="testcases.ButtonClicksPageTest"/>
  <testcase name="ButtonClicks_JSClickTest" time="8.241" classname="testcases.ButtonClicksPageTest"/>
  <testcase name="ButtonClicks_WebElementClickTitleTest" time="0.023" classname="testcases.ButtonClicksPageTest"/>
  <testcase name="ButtonClicks_HeaderTest" time="4.071" classname="testcases.ButtonClicksPageTest"/>
  <testcase name="ButtonClicks_JavaScriptTitleTest" time="0.027" classname="testcases.ButtonClicksPageTest"/>
  <testcase name="ButtonClicks_ActionTitleTest" time="0.027" classname="testcases.ButtonClicksPageTest"/>
</testsuite> <!-- testcases.ButtonClicksPageTest -->
