<?xml version="1.0" encoding="UTF-8"?>
<!-- Generated by org.testng.reporters.JUnitReportReporter -->
<testsuite hostname="Diya" name="testcases.HomePageTest" tests="5" failures="0" timestamp="25 Nov 2019 03:41:01 GMT" time="0.354" errors="0">
  <testcase name="HomePage_ButtonsClickLinkTest" time="0.137" classname="testcases.HomePageTest"/>
  <testcase name="HomePage_TitleTest" time="0.017" classname="testcases.HomePageTest"/>
  <testcase name="HomePage_PageObjectModelTest" time="0.073" classname="testcases.HomePageTest"/>
  <testcase name="HomePage_ToDoListTest" time="0.031" classname="testcases.HomePageTest"/>
  <testcase name="HomePage_ButtonClicksTest" time="0.096" classname="testcases.HomePageTest"/>
</testsuite> <!-- testcases.HomePageTest -->
