<?xml version="1.0" encoding="UTF-8"?>
<!-- Generated by org.testng.reporters.JUnitReportReporter -->
<testsuite skipped="0" hostname="Shabbir-PC" name="testcases.HomePageTest" tests="4" failures="0" timestamp="07 Nov 2018 04:16:31 GMT" time="49.858" errors="0">
  <testcase name="HomePageTitleTest" time="10.891" classname="testcases.HomePageTest"/>
  <testcase name="HomePageUserTitleTest" time="13.152" classname="testcases.HomePageTest"/>
  <testcase name="ContactsPageLinkTest" time="11.777" classname="testcases.HomePageTest"/>
  <testcase name="TasksPageLinkTest" time="14.038" classname="testcases.HomePageTest"/>
</testsuite> <!-- testcases.HomePageTest -->
