<?xml version="1.0" encoding="UTF-8"?>
<!-- Generated by org.testng.reporters.JUnitReportReporter -->
<testsuite skipped="0" hostname="Shabbir-PC" name="testcases.LoginPageTest" tests="3" failures="0" timestamp="07 Nov 2018 04:16:31 GMT" time="44.509" errors="0">
  <testcase name="LoginPageTitleTest" time="9.828" classname="testcases.LoginPageTest"/>
  <testcase name="LoginPageLogoTest" time="10.713" classname="testcases.LoginPageTest"/>
  <testcase name="ValidateLoginTest" time="23.968" classname="testcases.LoginPageTest"/>
</testsuite> <!-- testcases.LoginPageTest -->
